<?xml version="1.0" encoding="UTF-8"?>
<!-- Generated by org.testng.reporters.JUnitReportReporter -->
<testsuite hostname="DESKTOP-LES2TT7" failures="0" tests="1" name="Academy.ValidateTitle" time="0.029" errors="0" timestamp="2022-07-05T15:13:18 IST" skipped="0">
  <testcase classname="Academy.ValidateTitle" name="basePageNavigation" time="0.029"/>
  <system-out/>
</testsuite> <!-- Academy.ValidateTitle -->
