<?xml version="1.0" encoding="UTF-8"?>
<!-- Generated by org.testng.reporters.JUnitReportReporter -->
<testsuite hostname="DESKTOP-LES2TT7" failures="0" tests="1" name="Academy.ValidateNavigationBar" time="0.047" errors="0" timestamp="2022-07-05T15:13:18 IST" skipped="0">
  <testcase classname="Academy.ValidateNavigationBar" name="basePageNavigation" time="0.047"/>
  <system-out/>
</testsuite> <!-- Academy.ValidateNavigationBar -->
