<?xml version="1.0" encoding="UTF-8"?>
<!-- Generated by org.testng.reporters.JUnitReportReporter -->
<testsuite hostname="DESKTOP-LES2TT7" failures="0" tests="2" name="Academy.HomePage" time="30.762" errors="0" timestamp="2022-07-05T15:13:18 IST" skipped="0">
  <testcase classname="Academy.HomePage" name="basePageNavigation" time="18.205"/>
  <system-out/>
  <testcase classname="Academy.HomePage" name="basePageNavigation" time="12.557"/>
  <system-out/>
</testsuite> <!-- Academy.HomePage -->
