<?xml version="1.0" encoding="UTF-8"?>
<!-- Generated by org.testng.reporters.JUnitReportReporter -->
<testsuite hostname="DESKTOP-LES2TT7" failures="0" tests="2" name="Academy.HomePage" time="32.735" errors="0" timestamp="2022-07-05T22:38:10 IST" skipped="0">
  <testcase classname="Academy.HomePage" name="basePageNavigation" time="17.519"/>
  <system-out/>
  <testcase classname="Academy.HomePage" name="basePageNavigation" time="15.216"/>
  <system-out/>
</testsuite> <!-- Academy.HomePage -->
