<?xml version="1.0" encoding="UTF-8"?>
<!-- Generated by org.testng.reporters.JUnitReportReporter -->
<testsuite hostname="DESKTOP-LES2TT7" failures="0" tests="1" name="Academy.ValidateNavigationBar" time="0.087" errors="0" timestamp="2022-07-09T03:15:00 IST" skipped="0">
  <testcase classname="Academy.ValidateNavigationBar" name="navigationBarCheck" time="0.087"/>
  <system-out/>
</testsuite> <!-- Academy.ValidateNavigationBar -->
